mode: set
/Users/hanthesuperman/Desktop/hw4-handout/nfa/nfa.go:30.8,37.21 1 1
/Users/hanthesuperman/Desktop/hw4-handout/nfa/nfa.go:41.2,48.50 5 1
/Users/hanthesuperman/Desktop/hw4-handout/nfa/nfa.go:59.2,61.14 2 1
/Users/hanthesuperman/Desktop/hw4-handout/nfa/nfa.go:37.21,39.3 1 1
/Users/hanthesuperman/Desktop/hw4-handout/nfa/nfa.go:48.50,53.11 3 1
/Users/hanthesuperman/Desktop/hw4-handout/nfa/nfa.go:53.11,56.4 2 1
/Users/hanthesuperman/Desktop/hw4-handout/nfa/nfa.go:71.3,72.21 1 1
/Users/hanthesuperman/Desktop/hw4-handout/nfa/nfa.go:78.2,78.8 1 1
/Users/hanthesuperman/Desktop/hw4-handout/nfa/nfa.go:72.21,74.3 1 1
/Users/hanthesuperman/Desktop/hw4-handout/nfa/nfa.go:74.8,76.3 1 1
